2020-02-24 19:54:15,408 desired_caps.py[line:29] INFO 启动app
2020-02-24 19:54:28,117 test_login.py[line:19] INFO ----通过测试
2020-02-24 19:54:28,120 com_func.py[line:20] INFO ————————点击隐私协议同意弹窗————————————
2020-02-24 19:54:29,182 com_func.py[line:24] INFO ——————没有隐私协议同意按钮——————
2020-02-24 19:54:29,183 com_func.py[line:29] INFO ————————点击权限请求的允许按钮——————————
2020-02-24 19:54:29,242 com_func.py[line:33] INFO ————————没有权限请求的允许按钮——————————
2020-02-24 19:54:35,244 loginView_func.py[line:49] INFO -----------执行登录操作-----------
2020-02-24 19:55:06,907 loginView_func.py[line:33] INFO ————————————判断是否需要清除输入框内容—————————————
2020-02-24 19:55:06,993 loginView_func.py[line:39] INFO ————————————需要清除手机号输入框内容—————————————
2020-02-24 19:55:07,723 loginView_func.py[line:54] INFO ——————————输入用户名:18632843357-----------
2020-02-24 19:55:08,823 loginView_func.py[line:57] INFO ——————————输入密码:1234qwer————————————
2020-02-24 19:55:09,502 loginView_func.py[line:60] INFO -----------点击登录按钮-----------
2020-02-24 19:55:10,223 loginView_func.py[line:68] INFO ——————检测登录是否成功————————————
2020-02-24 19:55:21,517 loginView_func.py[line:76] INFO ————————登录成功——————————
2020-02-24 19:55:21,521 test_login.py[line:26] INFO ----密码错误
2020-02-24 19:55:21,522 com_func.py[line:20] INFO ————————点击隐私协议同意弹窗————————————
2020-02-24 19:55:31,963 com_func.py[line:24] INFO ——————没有隐私协议同意按钮——————
2020-02-24 19:55:31,964 com_func.py[line:29] INFO ————————点击权限请求的允许按钮——————————
2020-02-24 19:55:42,401 com_func.py[line:33] INFO ————————没有权限请求的允许按钮——————————
2020-02-24 19:55:48,405 loginView_func.py[line:49] INFO -----------执行登录操作-----------
2020-02-24 19:59:56,367 desired_caps.py[line:29] INFO 启动app
2020-02-24 20:00:19,062 com_func.py[line:50] INFO ---------手势密码-------------
2020-02-28 14:25:00,034 desired_caps.py[line:29] INFO 启动app
2020-02-28 14:25:58,838 desired_caps.py[line:29] INFO 启动app
2020-02-28 14:27:42,008 desired_caps.py[line:29] INFO 启动app
2020-02-28 14:28:51,482 desired_caps.py[line:29] INFO 启动app
2020-02-28 14:29:38,116 desired_caps.py[line:29] INFO 启动app
2020-02-28 14:30:21,892 desired_caps.py[line:29] INFO 启动app
2020-02-28 14:30:46,151 com_func.py[line:51] INFO ---------手势密码-------------
2020-02-28 14:30:54,137 com_func.py[line:118] INFO -------点击个人中心按钮————————————
2020-02-28 14:31:48,947 desired_caps.py[line:29] INFO 启动app
2020-02-28 14:32:32,050 com_func.py[line:51] INFO ---------手势密码-------------
2020-02-28 14:32:39,831 com_func.py[line:118] INFO -------点击个人中心按钮————————————
2020-02-28 14:34:40,653 desired_caps.py[line:29] INFO 启动app
2020-02-28 14:34:59,488 com_func.py[line:51] INFO ---------手势密码-------------
2020-02-28 14:35:07,247 com_func.py[line:118] INFO -------点击个人中心按钮————————————
2020-02-28 14:36:07,963 desired_caps.py[line:29] INFO 启动app
2020-02-28 14:36:25,705 com_func.py[line:51] INFO ---------手势密码-------------
2020-02-28 14:36:33,432 com_func.py[line:118] INFO -------点击个人中心按钮————————————
2020-02-28 14:38:41,539 desired_caps.py[line:29] INFO 启动app
2020-02-28 14:39:00,211 com_func.py[line:51] INFO ---------手势密码-------------
2020-02-28 14:39:07,994 com_func.py[line:118] INFO -------点击个人中心按钮————————————
2020-02-28 14:42:57,648 desired_caps.py[line:29] INFO 启动app
2020-02-28 14:43:22,345 com_func.py[line:51] INFO ---------手势密码-------------
2020-02-28 14:43:30,161 com_func.py[line:118] INFO -------点击个人中心按钮————————————
2020-02-28 14:46:12,148 desired_caps.py[line:29] INFO 启动app
2020-02-28 14:46:34,665 com_func.py[line:51] INFO ---------手势密码-------------
2020-02-28 14:46:42,603 com_func.py[line:118] INFO -------点击个人中心按钮————————————
2020-02-28 14:47:57,172 self_zidongtou.py[line:15] INFO ————————检测自动投-顶部banner——————————
2020-02-28 14:47:58,381 self_zidongtou.py[line:26] INFO ——————————点击自动投-常见问题--------------
2020-02-28 14:50:09,345 desired_caps.py[line:29] INFO 启动app
2020-02-28 14:50:33,837 com_func.py[line:51] INFO ---------手势密码-------------
2020-02-28 14:50:41,668 com_func.py[line:118] INFO -------点击个人中心按钮————————————
2020-02-28 14:51:54,497 self_zidongtou.py[line:16] INFO ————————检测自动投-顶部banner——————————
2020-02-28 18:20:11,409 desired_caps.py[line:29] INFO 启动app
2020-02-28 18:21:37,071 desired_caps.py[line:29] INFO 启动app
2020-02-28 18:22:33,850 desired_caps.py[line:29] INFO 启动app
2020-02-28 18:23:03,987 com_func.py[line:51] INFO ---------手势密码-------------
2020-02-28 18:23:04,188 self_zidongtou.py[line:31] INFO ————————check_banner_jump-----------
2020-02-28 18:23:04,203 self_zidongtou.py[line:35] INFO --------跳转失败——————————
2020-02-28 18:23:04,334 self_zidongtou.py[line:44] INFO ——————————检测自动投-常见问题--------------
2020-02-28 18:23:04,346 self_zidongtou.py[line:48] INFO ——————————没有找到自动投-常见问题icon——————————
2020-02-28 18:23:04,499 self_zidongtou.py[line:56] INFO ——————————check_common_problem——————————
2020-02-28 18:23:04,549 self_zidongtou.py[line:60] INFO ———————————常见问题跳转失败—------------
2020-02-28 18:24:09,676 desired_caps.py[line:29] INFO 启动app
2020-02-28 18:24:38,917 com_func.py[line:51] INFO ---------手势密码-------------
2020-02-28 18:24:50,705 com_func.py[line:118] INFO -------点击个人中心按钮————————————
2020-02-28 18:26:02,891 self_zidongtou.py[line:19] INFO ————————检测自动投-顶部banner——————————
2020-02-28 18:26:04,205 self_zidongtou.py[line:31] INFO ————————check_banner_jump-----------
2020-02-28 18:26:07,984 self_zidongtou.py[line:39] INFO ——--————跳转成功，返回到上一级页面——————————
2020-02-28 18:26:08,630 self_zidongtou.py[line:44] INFO ——————————检测自动投-常见问题--------------
2020-02-28 18:26:13,172 self_zidongtou.py[line:56] INFO ——————————check_common_problem——————————
2020-02-28 18:26:13,557 self_zidongtou.py[line:64] INFO ---------跳转成功，返回到上一级页面-----------
2020-02-28 20:06:58,082 desired_caps.py[line:29] INFO 启动app
2020-02-28 20:07:42,612 com_func.py[line:51] INFO ---------手势密码-------------
2020-02-28 20:07:54,679 com_func.py[line:118] INFO -------点击个人中心按钮————————————
2020-02-28 20:09:06,970 self_zidongtou.py[line:21] INFO ————————检测自动投-顶部banner——————————
2020-02-28 20:09:08,087 self_zidongtou.py[line:33] INFO ————————check_banner_jump-----------
2020-02-28 20:09:11,577 self_zidongtou.py[line:41] INFO ——--————跳转成功，返回到上一级页面——————————
2020-02-28 20:09:12,197 self_zidongtou.py[line:46] INFO ——————————检测自动投-常见问题--------------
2020-02-28 20:09:16,936 self_zidongtou.py[line:58] INFO ——————————check_common_problem——————————
2020-02-28 20:09:17,336 self_zidongtou.py[line:66] INFO ---------跳转成功，返回到上一级页面-----------
2020-02-28 20:09:17,932 self_zidongtou.py[line:71] INFO —————————点击去开启自动投———————————
2020-02-28 20:09:19,710 self_zidongtou.py[line:83] INFO -----------check_openAuto_jump——————————————
2020-02-28 20:09:22,897 self_zidongtou.py[line:91] INFO ————————————————跳转成功,返回上级页面——————————————————
2020-02-28 20:11:32,064 desired_caps.py[line:29] INFO 启动app
2020-02-28 20:12:07,973 com_func.py[line:51] INFO ---------手势密码-------------
2020-02-28 20:12:19,708 com_func.py[line:118] INFO -------点击个人中心按钮————————————
2020-02-28 20:13:32,296 self_zidongtou.py[line:21] INFO ————————检测自动投-顶部banner——————————
2020-02-28 20:13:33,654 self_zidongtou.py[line:33] INFO ————————check_banner_jump-----------
2020-02-28 20:13:37,231 self_zidongtou.py[line:41] INFO ——--————跳转成功，返回到上一级页面——————————
2020-02-28 20:13:37,797 self_zidongtou.py[line:46] INFO ——————————检测自动投-常见问题--------------
2020-02-28 20:13:38,100 self_zidongtou.py[line:50] INFO ——————————没有找到自动投-常见问题icon——————————
2020-02-28 20:13:38,411 self_zidongtou.py[line:58] INFO ——————————check_common_problem——————————
2020-02-28 20:13:38,480 self_zidongtou.py[line:62] INFO ———————————常见问题跳转失败—------------
2020-02-28 20:13:38,667 self_zidongtou.py[line:71] INFO —————————点击去开启自动投———————————
2020-02-28 20:13:38,713 self_zidongtou.py[line:75] INFO ——————————没有找到开启按钮————————————
2020-02-28 20:13:38,886 self_zidongtou.py[line:83] INFO -----------check_openAuto_jump——————————————
2020-02-28 20:13:39,000 self_zidongtou.py[line:87] INFO ————————————开去自动投的按钮跳转失败——————————————
2020-02-28 20:14:51,744 desired_caps.py[line:29] INFO 启动app
2020-02-28 20:15:26,262 com_func.py[line:51] INFO ---------手势密码-------------
2020-02-28 20:15:38,231 com_func.py[line:118] INFO -------点击个人中心按钮————————————
2020-02-28 20:16:50,754 self_zidongtou.py[line:21] INFO ————————检测自动投-顶部banner——————————
2020-02-28 20:16:51,951 self_zidongtou.py[line:33] INFO ————————check_banner_jump-----------
2020-02-28 20:16:55,881 self_zidongtou.py[line:41] INFO ——--————跳转成功，返回到上一级页面——————————
2020-02-28 20:16:56,481 self_zidongtou.py[line:46] INFO ——————————检测自动投-常见问题--------------
2020-02-28 20:17:01,299 self_zidongtou.py[line:58] INFO ——————————check_common_problem——————————
2020-02-28 20:17:01,774 self_zidongtou.py[line:66] INFO ---------跳转成功，返回到上一级页面-----------
2020-02-28 20:17:02,271 self_zidongtou.py[line:71] INFO —————————点击去开启自动投———————————
2020-02-28 20:17:04,163 self_zidongtou.py[line:83] INFO -----------check_openAuto_jump——————————————
2020-02-28 20:17:07,617 self_zidongtou.py[line:87] INFO ————————————开去自动投的按钮跳转失败——————————————
2020-03-09 13:58:08,830 desired_caps.py[line:29] INFO 启动app
2020-03-09 13:58:36,122 desired_caps.py[line:29] INFO 启动app
2020-03-09 13:58:54,252 desired_caps.py[line:29] INFO 启动app
2020-03-09 13:59:30,200 test_login.py[line:20] INFO ----通过测试
2020-03-09 13:59:30,208 com_func.py[line:21] INFO ————————点击隐私协议同意弹窗————————————
2020-03-09 13:59:31,217 com_func.py[line:25] INFO ——————没有隐私协议同意按钮——————
2020-03-09 13:59:31,218 com_func.py[line:30] INFO ————————点击权限请求的允许按钮——————————
2020-03-09 13:59:31,278 com_func.py[line:34] INFO ————————没有权限请求的允许按钮——————————
2020-03-09 13:59:37,283 loginView_func.py[line:50] INFO -----------执行登录操作-----------
2020-03-09 14:00:08,744 loginView_func.py[line:34] INFO ————————————判断是否需要清除输入框内容—————————————
2020-03-09 14:00:08,819 loginView_func.py[line:40] INFO ————————————需要清除手机号输入框内容—————————————
2020-03-09 14:00:09,708 loginView_func.py[line:55] INFO ——————————输入用户名:18632843357-----------
2020-03-09 14:00:10,787 loginView_func.py[line:58] INFO ——————————输入密码:1234qwer————————————
2020-03-09 14:00:11,752 loginView_func.py[line:61] INFO -----------点击登录按钮-----------
2020-03-09 14:00:12,663 loginView_func.py[line:69] INFO ——————检测登录是否成功————————————
2020-03-09 14:00:22,768 loginView_func.py[line:77] INFO ————————登录成功——————————
2020-03-09 14:00:22,770 loginView_func.py[line:81] INFO ————————退出登录——————————
2020-03-09 14:00:22,770 com_func.py[line:75] INFO ——————————下滑————————
2020-03-09 14:00:24,673 loginView_func.py[line:83] INFO -------设置按钮——————————
2020-03-09 14:00:58,996 com_func.py[line:75] INFO ——————————下滑————————
2020-03-09 14:28:51,777 desired_caps.py[line:29] INFO 启动app
2020-03-09 14:29:04,696 test_login.py[line:20] INFO ----通过测试
2020-03-09 14:29:04,703 com_func.py[line:21] INFO ————————点击隐私协议同意弹窗————————————
2020-03-09 14:29:05,649 com_func.py[line:25] INFO ——————没有隐私协议同意按钮——————
2020-03-09 14:29:05,649 com_func.py[line:30] INFO ————————点击权限请求的允许按钮——————————
2020-03-09 14:29:05,697 com_func.py[line:34] INFO ————————没有权限请求的允许按钮——————————
2020-03-09 14:29:11,703 loginView_func.py[line:50] INFO -----------执行登录操作-----------
2020-03-09 14:29:43,493 loginView_func.py[line:34] INFO ————————————判断是否需要清除输入框内容—————————————
2020-03-09 14:29:43,571 loginView_func.py[line:40] INFO ————————————需要清除手机号输入框内容—————————————
2020-03-09 14:29:44,399 loginView_func.py[line:55] INFO ——————————输入用户名:18632843357-----------
2020-03-09 14:29:45,127 loginView_func.py[line:58] INFO ——————————输入密码:1234qwer————————————
2020-03-09 14:29:45,797 loginView_func.py[line:61] INFO -----------点击登录按钮-----------
2020-03-09 14:29:46,491 loginView_func.py[line:69] INFO ——————检测登录是否成功————————————
2020-03-09 14:29:56,649 loginView_func.py[line:77] INFO ————————登录成功——————————
2020-03-09 14:29:56,651 loginView_func.py[line:81] INFO ————————退出登录——————————
2020-03-09 14:29:56,653 com_func.py[line:75] INFO ——————————下滑————————
2020-03-09 14:29:58,539 loginView_func.py[line:83] INFO -------设置按钮——————————
2020-03-09 14:30:32,809 com_func.py[line:75] INFO ——————————下滑————————
2020-03-09 15:12:40,002 desired_caps.py[line:29] INFO 启动app
2020-03-09 15:12:53,140 test_login.py[line:19] INFO ----通过测试
2020-03-09 15:12:59,383 loginView_func.py[line:78] INFO ————————退出登录——————————
2020-03-09 15:12:59,383 com_func.py[line:75] INFO ——————————下滑————————
2020-03-09 15:13:01,272 loginView_func.py[line:80] INFO -------设置按钮——————————
2020-03-09 15:13:45,760 desired_caps.py[line:29] INFO 启动app
2020-03-09 15:13:58,500 test_login.py[line:19] INFO ----通过测试
2020-03-09 15:14:04,781 loginView_func.py[line:78] INFO ————————退出登录——————————
2020-03-09 15:14:04,781 com_func.py[line:75] INFO ——————————下滑————————
2020-03-09 15:14:06,640 loginView_func.py[line:80] INFO -------设置按钮——————————
2020-03-09 15:14:58,694 desired_caps.py[line:29] INFO 启动app
2020-03-09 15:15:13,215 test_login.py[line:19] INFO ----通过测试
2020-03-09 15:15:19,499 loginView_func.py[line:78] INFO ————————退出登录——————————
2020-03-09 15:15:19,500 com_func.py[line:75] INFO ——————————下滑————————
2020-03-09 15:15:21,403 loginView_func.py[line:80] INFO -------设置按钮——————————
2020-03-09 15:15:37,911 desired_caps.py[line:29] INFO 启动app
2020-03-09 15:15:50,831 test_login.py[line:19] INFO ----通过测试
2020-03-09 15:15:57,635 loginView_func.py[line:47] INFO -----------执行登录操作-----------
2020-03-09 15:16:19,263 loginView_func.py[line:32] INFO ————————————判断是否需要清除输入框内容—————————————
2020-03-09 15:16:19,336 loginView_func.py[line:38] INFO ————————————需要清除手机号输入框内容—————————————
2020-03-09 15:16:20,070 loginView_func.py[line:52] INFO ——————————输入用户名:18632843357-----------
2020-03-09 15:16:20,751 loginView_func.py[line:55] INFO ——————————输入密码:1234qwer————————————
2020-03-09 15:16:21,557 loginView_func.py[line:58] INFO -----------点击登录按钮-----------
2020-03-09 15:16:33,649 loginView_func.py[line:66] INFO ——————检测登录是否成功————————————
2020-03-09 15:16:43,789 loginView_func.py[line:74] INFO ————————登录成功——————————
2020-03-09 15:16:43,791 loginView_func.py[line:78] INFO ————————退出登录——————————
2020-03-09 15:16:43,791 com_func.py[line:75] INFO ——————————下滑————————
2020-03-09 15:16:45,835 loginView_func.py[line:80] INFO -------设置按钮——————————
2020-03-09 15:17:20,198 com_func.py[line:75] INFO ——————————下滑————————
2020-03-09 16:06:58,755 desired_caps.py[line:29] INFO 启动app
2020-03-09 16:07:11,599 test_login.py[line:19] INFO ----通过测试
2020-03-09 16:07:18,579 loginView_func.py[line:47] INFO -----------执行登录操作-----------
2020-03-09 16:07:50,237 loginView_func.py[line:32] INFO ————————————判断是否需要清除输入框内容—————————————
2020-03-09 16:07:50,310 loginView_func.py[line:38] INFO ————————————需要清除手机号输入框内容—————————————
2020-03-09 16:07:51,120 loginView_func.py[line:52] INFO ——————————输入用户名:18632843357-----------
2020-03-09 16:07:52,155 loginView_func.py[line:55] INFO ——————————输入密码:1234qwer————————————
2020-03-09 16:07:52,817 loginView_func.py[line:58] INFO -----------点击登录按钮-----------
2020-03-09 16:08:04,764 loginView_func.py[line:66] INFO ——————检测登录是否成功————————————
2020-03-09 16:08:14,852 loginView_func.py[line:74] INFO ————————登录成功——————————
2020-03-09 16:08:14,853 loginView_func.py[line:78] INFO ————————退出登录——————————
2020-03-09 16:08:14,853 com_func.py[line:75] INFO ——————————下滑————————
2020-03-09 16:08:16,705 loginView_func.py[line:80] INFO -------设置按钮——————————
2020-03-09 16:08:51,194 com_func.py[line:75] INFO ——————————下滑————————
2020-03-09 16:21:02,669 desired_caps.py[line:29] INFO 启动app
2020-03-09 16:21:21,790 com_func.py[line:51] INFO ---------手势密码-------------
2020-03-09 16:21:24,805 self_leiji.py[line:38] INFO -------------获取待收收益——————————————
2020-03-09 16:21:24,901 self_leiji.py[line:42] INFO ---------没有获取到待收收益----------
2020-03-09 16:21:25,569 self_leiji.py[line:38] INFO -------------获取待收收益——————————————
2020-03-09 16:21:26,415 self_leiji.py[line:42] INFO ---------没有获取到待收收益----------
2020-03-09 16:21:45,518 desired_caps.py[line:29] INFO 启动app
2020-03-09 16:22:03,901 com_func.py[line:51] INFO ---------手势密码-------------
2020-03-09 16:22:52,291 self_leiji.py[line:15] INFO ---------执行get_totalAsset方法--------------
2020-03-09 16:23:02,405 self_leiji.py[line:23] INFO ————————return总资产数据——————————
2020-03-09 16:23:22,529 self_leiji.py[line:38] INFO -------------获取待收收益——————————————
2020-03-09 16:23:52,811 self_leiji.py[line:38] INFO -------------获取待收收益——————————————
2020-03-09 17:01:09,988 desired_caps.py[line:29] INFO 启动app
2020-03-09 17:01:22,902 desired_caps.py[line:29] INFO 启动app
2020-03-09 17:01:35,014 desired_caps.py[line:29] INFO 启动app
2020-03-09 17:01:52,742 com_func.py[line:51] INFO ---------手势密码-------------
2020-03-09 17:02:41,192 self_leiji.py[line:15] INFO ---------执行get_totalAsset方法--------------
2020-03-09 17:02:41,228 self_leiji.py[line:19] INFO -------没有获取到总资产元素-----------
2020-03-09 17:02:41,395 self_leiji.py[line:38] INFO -------------获取待收收益——————————————
2020-03-09 17:02:41,405 self_leiji.py[line:42] INFO ---------没有获取到待收收益----------
2020-03-09 17:02:41,496 self_leiji.py[line:38] INFO -------------获取待收收益——————————————
2020-03-09 17:02:41,505 self_leiji.py[line:42] INFO ---------没有获取到待收收益----------
2020-03-09 17:02:41,627 self_zidongtou.py[line:33] INFO ————————check_banner_jump-----------
2020-03-09 17:02:41,634 self_zidongtou.py[line:37] INFO --------跳转失败——————————
2020-03-09 17:02:41,722 self_zidongtou.py[line:46] INFO ——————————检测自动投-常见问题--------------
2020-03-09 17:02:41,729 self_zidongtou.py[line:50] INFO ——————————没有找到自动投-常见问题icon——————————
2020-03-09 17:02:41,820 self_zidongtou.py[line:58] INFO ——————————check_common_problem——————————
2020-03-09 17:02:41,825 self_zidongtou.py[line:62] INFO ———————————常见问题跳转失败—------------
2020-03-09 17:02:41,911 self_zidongtou.py[line:71] INFO —————————点击去开启自动投———————————
2020-03-09 17:02:41,916 self_zidongtou.py[line:75] INFO ——————————没有找到开启按钮————————————
2020-03-09 17:02:42,003 self_zidongtou.py[line:83] INFO -----------check_openAuto_jump——————————————
2020-03-09 17:02:42,008 self_zidongtou.py[line:87] INFO ————————————开去自动投的按钮跳转失败——————————————
2020-03-09 17:04:47,193 desired_caps.py[line:29] INFO 启动app
2020-03-09 17:04:59,616 desired_caps.py[line:29] INFO 启动app
2020-03-09 17:05:11,943 desired_caps.py[line:29] INFO 启动app
2020-03-09 17:05:29,286 com_func.py[line:51] INFO ---------手势密码-------------
2020-03-09 17:06:17,646 self_leiji.py[line:15] INFO ---------执行get_totalAsset方法--------------
2020-03-09 17:06:17,651 self_leiji.py[line:19] INFO -------没有获取到总资产元素-----------
2020-03-09 17:06:17,812 self_leiji.py[line:38] INFO -------------获取待收收益——————————————
2020-03-09 17:06:17,817 self_leiji.py[line:42] INFO ---------没有获取到待收收益----------
2020-03-09 17:06:17,919 self_leiji.py[line:38] INFO -------------获取待收收益——————————————
2020-03-09 17:06:17,925 self_leiji.py[line:42] INFO ---------没有获取到待收收益----------
2020-03-09 17:06:18,065 self_zidongtou.py[line:33] INFO ————————check_banner_jump-----------
2020-03-09 17:06:18,072 self_zidongtou.py[line:37] INFO --------跳转失败——————————
2020-03-09 17:06:18,155 self_zidongtou.py[line:46] INFO ——————————检测自动投-常见问题--------------
2020-03-09 17:06:18,161 self_zidongtou.py[line:50] INFO ——————————没有找到自动投-常见问题icon——————————
2020-03-09 17:06:18,249 self_zidongtou.py[line:58] INFO ——————————check_common_problem——————————
2020-03-09 17:06:18,254 self_zidongtou.py[line:62] INFO ———————————常见问题跳转失败—------------
2020-03-09 17:06:18,341 self_zidongtou.py[line:71] INFO —————————点击去开启自动投———————————
2020-03-09 17:06:18,349 self_zidongtou.py[line:75] INFO ——————————没有找到开启按钮————————————
2020-03-09 17:06:18,436 self_zidongtou.py[line:83] INFO -----------check_openAuto_jump——————————————
2020-03-09 17:06:18,448 self_zidongtou.py[line:87] INFO ————————————开去自动投的按钮跳转失败——————————————
2020-03-09 17:07:16,405 desired_caps.py[line:29] INFO 启动app
2020-03-09 17:07:29,709 desired_caps.py[line:29] INFO 启动app
2020-03-09 17:07:47,165 com_func.py[line:51] INFO ---------手势密码-------------
2020-03-09 17:08:35,613 self_leiji.py[line:15] INFO ---------执行get_totalAsset方法--------------
2020-03-09 17:08:35,621 self_leiji.py[line:19] INFO -------没有获取到总资产元素-----------
2020-03-09 19:43:12,157 desired_caps.py[line:29] INFO 启动app
2020-03-09 19:44:49,445 desired_caps.py[line:29] INFO 启动app
2020-03-09 19:45:07,434 desired_caps.py[line:29] INFO 启动app
2020-03-09 19:45:31,901 com_func.py[line:51] INFO ---------手势密码-------------
2020-03-09 19:47:20,701 desired_caps.py[line:29] INFO 启动app
2020-03-09 19:47:39,524 desired_caps.py[line:29] INFO 启动app
2020-03-09 19:48:03,107 com_func.py[line:51] INFO ---------手势密码-------------
2020-03-09 19:55:56,823 desired_caps.py[line:29] INFO 启动app
2020-03-09 19:56:16,219 desired_caps.py[line:29] INFO 启动app
2020-03-09 19:56:43,530 com_func.py[line:51] INFO ---------手势密码-------------
2020-03-09 19:58:08,708 desired_caps.py[line:29] INFO 启动app
2020-03-09 19:58:33,961 com_func.py[line:51] INFO ---------手势密码-------------
2020-03-09 20:01:23,216 desired_caps.py[line:29] INFO 启动app
2020-03-09 20:01:49,381 com_func.py[line:51] INFO ---------手势密码-------------
2020-03-09 20:02:38,037 self_leiji.py[line:15] INFO ---------执行get_totalAsset方法--------------
2020-03-09 20:02:48,252 self_leiji.py[line:23] INFO ————————return总资产数据——————————
2020-03-09 20:07:44,446 desired_caps.py[line:29] INFO 启动app
2020-03-09 20:08:04,653 desired_caps.py[line:29] INFO 启动app
2020-03-09 20:08:31,069 com_func.py[line:51] INFO ---------手势密码-------------
2020-03-09 20:09:19,872 self_leiji.py[line:15] INFO ---------执行get_totalAsset方法--------------
2020-03-09 20:09:26,537 self_leiji.py[line:19] INFO -------没有获取到总资产元素-----------
2020-03-09 20:09:26,729 self_leiji.py[line:38] INFO -------------获取待收收益——————————————
2020-03-09 20:09:26,744 self_leiji.py[line:42] INFO ---------没有获取到待收收益----------
2020-03-09 20:09:26,857 self_leiji.py[line:38] INFO -------------获取待收收益——————————————
2020-03-09 20:09:26,868 self_leiji.py[line:42] INFO ---------没有获取到待收收益----------
2020-03-09 20:09:27,047 self_zidongtou.py[line:33] INFO ————————check_banner_jump-----------
2020-03-09 20:09:27,056 self_zidongtou.py[line:37] INFO --------跳转失败——————————
2020-03-09 20:09:27,195 self_zidongtou.py[line:46] INFO ——————————检测自动投-常见问题--------------
2020-03-09 20:09:27,204 self_zidongtou.py[line:50] INFO ——————————没有找到自动投-常见问题icon——————————
2020-03-09 20:09:27,299 self_zidongtou.py[line:58] INFO ——————————check_common_problem——————————
2020-03-09 20:09:27,309 self_zidongtou.py[line:62] INFO ———————————常见问题跳转失败—------------
2020-03-09 20:09:27,407 self_zidongtou.py[line:71] INFO —————————点击去开启自动投———————————
2020-03-09 20:09:27,420 self_zidongtou.py[line:75] INFO ——————————没有找到开启按钮————————————
2020-03-09 20:09:27,513 self_zidongtou.py[line:83] INFO -----------check_openAuto_jump——————————————
2020-03-09 20:09:27,518 self_zidongtou.py[line:87] INFO ————————————开去自动投的按钮跳转失败——————————————
2020-03-09 20:09:56,096 desired_caps.py[line:29] INFO 启动app
2020-03-09 20:10:26,330 com_func.py[line:51] INFO ---------手势密码-------------
2020-03-09 20:11:15,330 self_leiji.py[line:15] INFO ---------执行get_totalAsset方法--------------
2020-03-09 20:11:25,820 self_leiji.py[line:23] INFO ————————return总资产数据——————————
2020-03-09 20:11:45,976 self_leiji.py[line:38] INFO -------------获取待收收益——————————————
2020-03-09 20:12:16,414 self_leiji.py[line:38] INFO -------------获取待收收益——————————————
2020-03-09 20:22:14,550 desired_caps.py[line:29] INFO 启动app
2020-03-09 20:22:36,765 desired_caps.py[line:29] INFO 启动app
2020-03-09 20:23:04,354 com_func.py[line:51] INFO ---------手势密码-------------
2020-03-09 20:24:19,072 desired_caps.py[line:29] INFO 启动app
2020-03-09 20:24:40,126 desired_caps.py[line:29] INFO 启动app
2020-03-09 20:25:04,837 com_func.py[line:51] INFO ---------手势密码-------------
2020-03-09 20:25:53,642 self_leiji.py[line:14] INFO ---------执行get_totalAsset方法--------------
2020-03-09 20:26:00,470 self_leiji.py[line:18] INFO -------没有获取到总资产元素-----------
2020-03-09 20:26:00,834 self_leiji.py[line:37] INFO -------------获取待收收益——————————————
2020-03-09 20:26:00,851 self_leiji.py[line:41] INFO ---------没有获取到待收收益----------
2020-03-09 20:26:01,203 self_leiji.py[line:37] INFO -------------获取待收收益——————————————
2020-03-09 20:26:01,226 self_leiji.py[line:41] INFO ---------没有获取到待收收益----------
2020-03-09 20:26:01,536 self_zidongtou.py[line:33] INFO ————————check_banner_jump-----------
2020-03-09 20:26:01,563 self_zidongtou.py[line:37] INFO --------跳转失败——————————
2020-03-09 20:26:01,745 self_zidongtou.py[line:46] INFO ——————————检测自动投-常见问题--------------
2020-03-09 20:26:01,765 self_zidongtou.py[line:50] INFO ——————————没有找到自动投-常见问题icon——————————
2020-03-09 20:26:01,872 self_zidongtou.py[line:58] INFO ——————————check_common_problem——————————
2020-03-09 20:26:01,883 self_zidongtou.py[line:62] INFO ———————————常见问题跳转失败—------------
2020-03-09 20:26:02,007 self_zidongtou.py[line:71] INFO —————————点击去开启自动投———————————
2020-03-09 20:26:02,013 self_zidongtou.py[line:75] INFO ——————————没有找到开启按钮————————————
2020-03-09 20:26:02,147 self_zidongtou.py[line:83] INFO -----------check_openAuto_jump——————————————
2020-03-09 20:26:02,156 self_zidongtou.py[line:87] INFO ————————————开去自动投的按钮跳转失败——————————————
2020-03-09 20:29:55,668 desired_caps.py[line:29] INFO 启动app
2020-03-09 20:30:15,872 desired_caps.py[line:29] INFO 启动app
2020-03-09 20:30:41,682 com_func.py[line:51] INFO ---------手势密码-------------
2020-03-09 20:31:30,278 self_leiji.py[line:14] INFO ---------执行get_totalAsset方法--------------
2020-03-09 20:31:37,712 self_leiji.py[line:18] INFO -------没有获取到总资产元素-----------
2020-03-09 20:31:37,929 self_leiji.py[line:38] INFO -------------获取待收收益——————————————
2020-03-09 20:31:37,947 self_leiji.py[line:42] INFO ---------没有获取到待收收益----------
2020-03-09 20:31:38,079 self_leiji.py[line:38] INFO -------------获取待收收益——————————————
2020-03-09 20:31:38,089 self_leiji.py[line:42] INFO ---------没有获取到待收收益----------
2020-03-09 20:31:38,280 self_zidongtou.py[line:33] INFO ————————check_banner_jump-----------
2020-03-09 20:31:38,287 self_zidongtou.py[line:37] INFO --------跳转失败——————————
2020-03-09 20:31:38,388 self_zidongtou.py[line:46] INFO ——————————检测自动投-常见问题--------------
2020-03-09 20:31:38,395 self_zidongtou.py[line:50] INFO ——————————没有找到自动投-常见问题icon——————————
2020-03-09 20:31:38,562 self_zidongtou.py[line:58] INFO ——————————check_common_problem——————————
2020-03-09 20:31:38,571 self_zidongtou.py[line:62] INFO ———————————常见问题跳转失败—------------
2020-03-09 20:31:38,727 self_zidongtou.py[line:71] INFO —————————点击去开启自动投———————————
2020-03-09 20:31:38,734 self_zidongtou.py[line:75] INFO ——————————没有找到开启按钮————————————
2020-03-09 20:31:38,845 self_zidongtou.py[line:83] INFO -----------check_openAuto_jump——————————————
2020-03-09 20:31:38,854 self_zidongtou.py[line:87] INFO ————————————开去自动投的按钮跳转失败——————————————
2020-03-09 20:52:23,124 desired_caps.py[line:29] INFO 启动app
2020-03-09 20:52:47,509 com_func.py[line:51] INFO ---------手势密码-------------
2020-03-09 20:53:36,720 self_leiji.py[line:14] INFO ---------执行get_totalAsset方法--------------
2020-03-09 20:53:46,898 self_leiji.py[line:23] INFO ————————return总资产数据——————————
2020-03-09 20:54:07,073 self_leiji.py[line:38] INFO -------------获取待收收益——————————————
2020-03-09 20:54:37,490 self_leiji.py[line:38] INFO -------------获取待收收益——————————————
2020-03-09 20:58:10,518 desired_caps.py[line:29] INFO 启动app
2020-03-09 20:58:28,082 desired_caps.py[line:29] INFO 启动app
2020-03-09 20:58:51,325 com_func.py[line:51] INFO ---------手势密码-------------
2020-03-09 20:59:39,890 self_leiji.py[line:14] INFO ---------执行get_totalAsset方法--------------
2020-03-09 20:59:46,912 self_leiji.py[line:18] INFO -------没有获取到总资产元素-----------
2020-03-09 20:59:47,107 self_leiji.py[line:38] INFO -------------获取待收收益——————————————
2020-03-09 20:59:47,122 self_leiji.py[line:42] INFO ---------没有获取到待收收益----------
2020-03-09 20:59:47,256 self_leiji.py[line:38] INFO -------------获取待收收益——————————————
2020-03-09 20:59:47,269 self_leiji.py[line:42] INFO ---------没有获取到待收收益----------
2020-03-09 20:59:47,419 self_zidongtou.py[line:33] INFO ————————check_banner_jump-----------
2020-03-09 20:59:47,435 self_zidongtou.py[line:37] INFO --------跳转失败——————————
2020-03-09 20:59:47,551 self_zidongtou.py[line:46] INFO ——————————检测自动投-常见问题--------------
2020-03-09 20:59:47,557 self_zidongtou.py[line:50] INFO ——————————没有找到自动投-常见问题icon——————————
2020-03-09 20:59:47,680 self_zidongtou.py[line:58] INFO ——————————check_common_problem——————————
2020-03-09 20:59:47,689 self_zidongtou.py[line:62] INFO ———————————常见问题跳转失败—------------
2020-03-09 20:59:47,804 self_zidongtou.py[line:71] INFO —————————点击去开启自动投———————————
2020-03-09 20:59:47,811 self_zidongtou.py[line:75] INFO ——————————没有找到开启按钮————————————
2020-03-09 20:59:47,947 self_zidongtou.py[line:83] INFO -----------check_openAuto_jump——————————————
2020-03-09 20:59:47,952 self_zidongtou.py[line:87] INFO ————————————开去自动投的按钮跳转失败——————————————
2020-06-03 10:08:38,999 desired_caps.py[line:29] INFO 启动app
2020-06-03 10:09:11,504 desired_caps.py[line:29] INFO 启动app
2020-06-03 10:09:27,151 test_login.py[line:19] INFO ----通过测试
2020-06-03 10:09:36,290 loginView_func.py[line:47] INFO -----------执行登录操作-----------
2020-06-03 10:09:38,124 loginView_func.py[line:32] INFO ————————————判断是否需要清除输入框内容—————————————
2020-06-03 10:09:38,187 loginView_func.py[line:38] INFO ————————————需要清除手机号输入框内容—————————————
2020-06-03 10:09:38,928 loginView_func.py[line:52] INFO ——————————输入用户名:18632843357-----------
2020-06-03 10:09:40,003 loginView_func.py[line:55] INFO ——————————输入密码:1234qwer————————————
2020-06-03 10:09:41,203 loginView_func.py[line:58] INFO -----------点击登录按钮-----------
2020-06-03 10:09:45,465 loginView_func.py[line:66] INFO ——————检测登录是否成功————————————
2020-06-03 10:09:45,522 loginView_func.py[line:74] INFO ————————登录成功——————————
2020-06-03 10:09:45,523 loginView_func.py[line:78] INFO ————————退出登录——————————
2020-06-03 10:09:45,524 com_func.py[line:75] INFO ——————————下滑————————
2020-06-03 10:09:47,416 loginView_func.py[line:80] INFO -------设置按钮——————————
2020-06-03 10:09:49,843 test_login.py[line:26] INFO ----密码错误
2020-06-03 10:09:50,013 loginView_func.py[line:47] INFO -----------执行登录操作-----------
2020-06-03 10:09:55,981 loginView_func.py[line:78] INFO ————————退出登录——————————
2020-06-03 10:09:55,981 com_func.py[line:75] INFO ——————————下滑————————
2020-06-03 10:09:57,856 loginView_func.py[line:80] INFO -------设置按钮——————————
2020-06-03 10:12:50,892 desired_caps.py[line:29] INFO 启动app
2020-06-03 10:13:03,216 desired_caps.py[line:29] INFO 启动app
2020-06-03 10:13:05,399 test_login.py[line:19] INFO ----通过测试
2020-06-03 10:13:12,548 loginView_func.py[line:78] INFO ————————退出登录——————————
2020-06-03 10:13:12,548 com_func.py[line:75] INFO ——————————下滑————————
2020-06-03 10:13:12,644 test_login.py[line:26] INFO ----密码错误
2020-06-03 10:13:12,715 loginView_func.py[line:78] INFO ————————退出登录——————————
2020-06-03 10:13:12,715 com_func.py[line:75] INFO ——————————下滑————————
2020-06-03 10:14:23,686 desired_caps.py[line:29] INFO 启动app
2020-06-03 10:14:38,250 test_login.py[line:19] INFO ----通过测试
2020-06-03 10:14:46,461 loginView_func.py[line:78] INFO ————————退出登录——————————
2020-06-03 10:14:46,461 com_func.py[line:75] INFO ——————————下滑————————
2020-06-03 10:14:47,530 test_login.py[line:26] INFO ----密码错误
2020-06-03 10:14:48,355 loginView_func.py[line:47] INFO -----------执行登录操作-----------
2020-06-03 10:14:51,066 loginView_func.py[line:32] INFO ————————————判断是否需要清除输入框内容—————————————
2020-06-03 10:14:51,200 loginView_func.py[line:38] INFO ————————————需要清除手机号输入框内容—————————————
2020-06-03 10:14:52,051 loginView_func.py[line:52] INFO ——————————输入用户名:18632843357-----------
2020-06-03 10:14:53,344 loginView_func.py[line:55] INFO ——————————输入密码:123qwe*————————————
2020-06-03 10:14:55,021 loginView_func.py[line:58] INFO -----------点击登录按钮-----------
2020-06-03 10:15:01,753 loginView_func.py[line:78] INFO ————————退出登录——————————
2020-06-03 10:15:01,754 com_func.py[line:75] INFO ——————————下滑————————
2020-06-03 10:15:03,636 loginView_func.py[line:80] INFO -------设置按钮——————————
2020-06-03 10:17:22,636 desired_caps.py[line:29] INFO 启动app
2020-06-03 10:17:36,091 test_login.py[line:19] INFO ----通过测试
2020-06-03 10:17:44,184 loginView_func.py[line:47] INFO -----------执行登录操作-----------
2020-06-03 10:17:46,496 loginView_func.py[line:32] INFO ————————————判断是否需要清除输入框内容—————————————
2020-06-03 10:17:46,561 loginView_func.py[line:38] INFO ————————————需要清除手机号输入框内容—————————————
2020-06-03 10:17:47,281 loginView_func.py[line:52] INFO ——————————输入用户名:18632843357-----------
2020-06-03 10:17:48,584 loginView_func.py[line:55] INFO ——————————输入密码:1234qwer————————————
2020-06-03 10:17:49,791 loginView_func.py[line:58] INFO -----------点击登录按钮-----------
2020-06-03 10:17:54,133 loginView_func.py[line:66] INFO ——————检测登录是否成功————————————
2020-06-03 10:17:54,205 loginView_func.py[line:74] INFO ————————登录成功——————————
2020-06-03 10:17:54,211 loginView_func.py[line:78] INFO ————————退出登录——————————
2020-06-03 10:17:54,212 com_func.py[line:75] INFO ——————————下滑————————
2020-06-03 10:17:56,243 loginView_func.py[line:80] INFO -------设置按钮——————————
2020-06-03 10:17:59,006 test_login.py[line:26] INFO ----密码错误
2020-06-03 10:17:59,225 loginView_func.py[line:47] INFO -----------执行登录操作-----------
2020-06-03 10:18:05,337 loginView_func.py[line:78] INFO ————————退出登录——————————
2020-06-03 10:18:05,339 com_func.py[line:75] INFO ——————————下滑————————
2020-06-03 10:18:07,199 loginView_func.py[line:80] INFO -------设置按钮——————————
2020-06-03 10:25:53,106 desired_caps.py[line:29] INFO 启动app
2020-06-03 10:26:15,359 desired_caps.py[line:29] INFO 启动app
2020-06-03 10:26:29,933 test_login.py[line:19] INFO ----通过测试
2020-06-03 10:26:39,153 loginView_func.py[line:47] INFO -----------执行登录操作-----------
2020-06-03 10:26:40,354 loginView_func.py[line:32] INFO ————————————判断是否需要清除输入框内容—————————————
2020-06-03 10:26:40,419 loginView_func.py[line:38] INFO ————————————需要清除手机号输入框内容—————————————
2020-06-03 10:26:41,157 loginView_func.py[line:52] INFO ——————————输入用户名:18632843357-----------
2020-06-03 10:26:41,980 loginView_func.py[line:55] INFO ——————————输入密码:1234qwer————————————
2020-06-03 10:26:43,191 loginView_func.py[line:58] INFO -----------点击登录按钮-----------
2020-06-03 10:26:47,467 loginView_func.py[line:66] INFO ——————检测登录是否成功————————————
2020-06-03 10:26:48,345 loginView_func.py[line:74] INFO ————————登录成功——————————
2020-06-03 10:26:48,347 loginView_func.py[line:78] INFO ————————退出登录——————————
2020-06-03 10:26:48,347 com_func.py[line:75] INFO ——————————下滑————————
2020-06-03 10:26:50,262 loginView_func.py[line:80] INFO -------设置按钮——————————
2020-06-03 10:26:51,628 test_login.py[line:26] INFO ----密码错误
2020-06-03 10:26:51,886 loginView_func.py[line:47] INFO -----------执行登录操作-----------
2020-06-03 10:26:57,931 loginView_func.py[line:78] INFO ————————退出登录——————————
2020-06-03 10:26:57,931 com_func.py[line:75] INFO ——————————下滑————————
2020-06-03 10:26:59,783 loginView_func.py[line:80] INFO -------设置按钮——————————
2020-06-03 10:47:47,011 desired_caps.py[line:29] INFO 启动app
2020-06-03 10:48:01,821 desired_caps.py[line:29] INFO 启动app
2020-06-03 10:48:18,124 test_login.py[line:19] INFO ----通过测试
2020-06-03 10:48:28,605 loginView_func.py[line:79] INFO ————————退出登录——————————
2020-06-03 10:48:28,606 com_func.py[line:75] INFO ——————————下滑————————
2020-06-03 10:48:29,623 test_login.py[line:26] INFO ----密码错误
2020-06-03 10:48:40,513 loginView_func.py[line:79] INFO ————————退出登录——————————
2020-06-03 10:48:40,513 com_func.py[line:75] INFO ——————————下滑————————
2020-06-03 10:48:42,412 loginView_func.py[line:81] INFO -------设置按钮——————————
2020-06-03 10:48:50,727 desired_caps.py[line:29] INFO 启动app
2020-06-03 10:49:06,144 test_login.py[line:19] INFO ----通过测试
2020-06-03 10:49:15,996 loginView_func.py[line:47] INFO -----------执行登录操作-----------
2020-06-03 10:49:17,224 loginView_func.py[line:32] INFO ————————————判断是否需要清除输入框内容—————————————
2020-06-03 10:49:17,284 loginView_func.py[line:38] INFO ————————————需要清除手机号输入框内容—————————————
2020-06-03 10:49:18,010 loginView_func.py[line:52] INFO ——————————输入用户名:18632843357-----------
2020-06-03 10:49:19,437 loginView_func.py[line:55] INFO ——————————输入密码:1234qwer————————————
2020-06-03 10:49:20,651 loginView_func.py[line:58] INFO -----------点击登录按钮-----------
2020-06-03 10:49:24,870 loginView_func.py[line:66] INFO ——————检测登录是否成功————————————
2020-06-03 10:49:24,925 loginView_func.py[line:74] INFO ————————登录成功——————————
2020-06-03 10:49:24,926 loginView_func.py[line:78] INFO ————————退出登录——————————
2020-06-03 10:49:24,927 com_func.py[line:75] INFO ——————————下滑————————
2020-06-03 10:49:26,822 loginView_func.py[line:80] INFO -------设置按钮——————————
2020-06-03 10:49:28,108 test_login.py[line:26] INFO ----密码错误
2020-06-03 10:49:28,901 loginView_func.py[line:47] INFO -----------执行登录操作-----------
2020-06-03 10:49:34,631 loginView_func.py[line:78] INFO ————————退出登录——————————
2020-06-03 10:49:34,632 com_func.py[line:75] INFO ——————————下滑————————
2020-06-03 10:49:36,440 loginView_func.py[line:80] INFO -------设置按钮——————————
2020-06-03 10:51:12,636 desired_caps.py[line:29] INFO 启动app
2020-06-03 10:51:26,320 test_login.py[line:19] INFO ----通过测试
2020-06-03 10:51:36,007 loginView_func.py[line:47] INFO -----------执行登录操作-----------
2020-06-03 10:51:37,195 loginView_func.py[line:32] INFO ————————————判断是否需要清除输入框内容—————————————
2020-06-03 10:51:37,258 loginView_func.py[line:38] INFO ————————————需要清除手机号输入框内容—————————————
2020-06-03 10:51:37,969 loginView_func.py[line:52] INFO ——————————输入用户名:18632843357-----------
2020-06-03 10:51:38,912 loginView_func.py[line:55] INFO ——————————输入密码:1234qwer————————————
2020-06-03 10:51:40,108 loginView_func.py[line:58] INFO -----------点击登录按钮-----------
2020-06-03 10:51:44,050 loginView_func.py[line:66] INFO ——————检测登录是否成功————————————
2020-06-03 10:51:44,117 loginView_func.py[line:74] INFO ————————登录成功——————————
2020-06-03 10:51:44,119 loginView_func.py[line:78] INFO ————————退出登录——————————
2020-06-03 10:51:44,119 com_func.py[line:75] INFO ——————————下滑————————
2020-06-03 10:51:46,048 loginView_func.py[line:80] INFO -------设置按钮——————————
2020-06-03 10:51:49,164 com_func.py[line:75] INFO ——————————下滑————————
2020-06-03 10:51:54,865 test_login.py[line:26] INFO ----密码错误
2020-06-03 10:52:07,242 loginView_func.py[line:78] INFO ————————退出登录——————————
2020-06-03 10:52:07,243 com_func.py[line:75] INFO ——————————下滑————————
2020-06-03 10:52:09,104 loginView_func.py[line:80] INFO -------设置按钮——————————
2020-06-03 10:59:33,452 desired_caps.py[line:29] INFO 启动app
2020-06-03 10:59:46,973 test_login.py[line:19] INFO ----通过测试
2020-06-03 10:59:55,692 loginView_func.py[line:47] INFO -----------执行登录操作-----------
2020-06-03 10:59:57,792 loginView_func.py[line:32] INFO ————————————判断是否需要清除输入框内容—————————————
2020-06-03 10:59:57,860 loginView_func.py[line:38] INFO ————————————需要清除手机号输入框内容—————————————
2020-06-03 10:59:58,664 loginView_func.py[line:52] INFO ——————————输入用户名:18632843357-----------
2020-06-03 11:00:00,787 loginView_func.py[line:55] INFO ——————————输入密码:1234qwer————————————
2020-06-03 11:00:02,360 loginView_func.py[line:58] INFO -----------点击登录按钮-----------
2020-06-03 11:00:08,661 loginView_func.py[line:66] INFO ——————检测登录是否成功————————————
2020-06-03 11:00:08,732 loginView_func.py[line:74] INFO ————————登录成功——————————
2020-06-03 11:00:08,734 loginView_func.py[line:78] INFO ————————退出登录——————————
2020-06-03 11:00:08,734 com_func.py[line:75] INFO ——————————下滑————————
2020-06-03 11:00:10,696 loginView_func.py[line:80] INFO -------设置按钮——————————
2020-06-03 11:00:12,964 com_func.py[line:75] INFO ——————————下滑————————
2020-06-03 11:00:20,487 test_login.py[line:26] INFO ----密码错误
2020-06-03 11:00:32,459 loginView_func.py[line:78] INFO ————————退出登录——————————
2020-06-03 11:00:32,461 com_func.py[line:75] INFO ——————————下滑————————
2020-06-03 11:00:34,359 loginView_func.py[line:80] INFO -------设置按钮——————————
2020-06-03 11:03:10,081 desired_caps.py[line:29] INFO 启动app
2020-06-03 11:03:20,049 desired_caps.py[line:29] INFO 启动app
2020-06-03 11:03:33,630 test_login.py[line:19] INFO ----通过测试
2020-06-03 11:03:43,281 loginView_func.py[line:47] INFO -----------执行登录操作-----------
2020-06-03 11:03:44,432 loginView_func.py[line:32] INFO ————————————判断是否需要清除输入框内容—————————————
2020-06-03 11:03:44,496 loginView_func.py[line:38] INFO ————————————需要清除手机号输入框内容—————————————
2020-06-03 11:03:45,881 loginView_func.py[line:52] INFO ——————————输入用户名:18632843357-----------
2020-06-03 11:03:46,039 loginView_func.py[line:55] INFO ——————————输入密码:1234qwer————————————
2020-06-03 11:03:47,250 loginView_func.py[line:58] INFO -----------点击登录按钮-----------
2020-06-03 11:03:51,322 loginView_func.py[line:66] INFO ——————检测登录是否成功————————————
2020-06-03 11:03:52,196 loginView_func.py[line:74] INFO ————————登录成功——————————
2020-06-03 11:03:52,197 loginView_func.py[line:78] INFO ————————退出登录——————————
2020-06-03 11:03:52,197 com_func.py[line:75] INFO ——————————下滑————————
2020-06-03 11:03:54,047 loginView_func.py[line:80] INFO -------设置按钮——————————
2020-06-03 11:03:57,075 com_func.py[line:75] INFO ——————————下滑————————
2020-06-03 11:04:01,404 test_login.py[line:26] INFO ----密码错误
2020-06-03 11:04:13,788 loginView_func.py[line:78] INFO ————————退出登录——————————
2020-06-03 11:04:13,788 com_func.py[line:75] INFO ——————————下滑————————
2020-06-03 11:04:15,669 loginView_func.py[line:80] INFO -------设置按钮——————————
2020-06-03 11:07:48,762 desired_caps.py[line:29] INFO 启动app
2020-06-03 11:08:02,127 test_login.py[line:19] INFO ----通过测试
2020-06-03 11:08:11,541 loginView_func.py[line:47] INFO -----------执行登录操作-----------
2020-06-03 11:08:12,788 loginView_func.py[line:32] INFO ————————————判断是否需要清除输入框内容—————————————
2020-06-03 11:08:12,848 loginView_func.py[line:38] INFO ————————————需要清除手机号输入框内容—————————————
2020-06-03 11:08:13,610 loginView_func.py[line:52] INFO ——————————输入用户名:18632843357-----------
2020-06-03 11:08:14,830 loginView_func.py[line:55] INFO ——————————输入密码:1234qwer————————————
2020-06-03 11:08:17,071 loginView_func.py[line:58] INFO -----------点击登录按钮-----------
2020-06-03 11:08:20,850 loginView_func.py[line:66] INFO ——————检测登录是否成功————————————
2020-06-03 11:08:20,953 loginView_func.py[line:74] INFO ————————登录成功——————————
2020-06-03 11:08:20,955 loginView_func.py[line:78] INFO ————————退出登录——————————
2020-06-03 11:08:20,956 com_func.py[line:75] INFO ——————————下滑————————
2020-06-03 11:08:22,912 loginView_func.py[line:80] INFO -------设置按钮——————————
2020-06-03 11:08:25,567 com_func.py[line:75] INFO ——————————下滑————————
2020-06-03 11:08:33,300 test_login.py[line:26] INFO ----密码错误
2020-06-03 11:08:44,701 loginView_func.py[line:78] INFO ————————退出登录——————————
2020-06-03 11:08:44,701 com_func.py[line:75] INFO ——————————下滑————————
2020-06-03 11:08:46,548 loginView_func.py[line:80] INFO -------设置按钮——————————
2020-06-03 11:11:14,818 desired_caps.py[line:29] INFO 启动app
2020-06-03 11:11:28,361 test_login.py[line:19] INFO ----通过测试
2020-06-03 11:11:37,775 loginView_func.py[line:47] INFO -----------执行登录操作-----------
2020-06-03 11:11:40,088 loginView_func.py[line:32] INFO ————————————判断是否需要清除输入框内容—————————————
2020-06-03 11:11:40,168 loginView_func.py[line:38] INFO ————————————需要清除手机号输入框内容—————————————
2020-06-03 11:11:40,979 loginView_func.py[line:52] INFO ——————————输入用户名:18632843357-----------
2020-06-03 11:11:42,167 loginView_func.py[line:55] INFO ——————————输入密码:1234qwer————————————
2020-06-03 11:11:43,752 loginView_func.py[line:58] INFO -----------点击登录按钮-----------
2020-06-03 11:11:47,628 loginView_func.py[line:66] INFO ——————检测登录是否成功————————————
2020-06-03 11:11:47,703 loginView_func.py[line:74] INFO ————————登录成功——————————
2020-06-03 11:11:47,705 loginView_func.py[line:78] INFO ————————退出登录——————————
2020-06-03 11:11:47,705 com_func.py[line:75] INFO ——————————下滑————————
2020-06-03 11:11:49,602 loginView_func.py[line:80] INFO -------设置按钮——————————
2020-06-03 11:11:52,222 com_func.py[line:75] INFO ——————————下滑————————
2020-06-03 11:11:54,296 com_func.py[line:75] INFO ——————————下滑————————
2020-06-03 11:11:57,700 test_login.py[line:26] INFO ----密码错误
2020-06-03 11:12:01,387 loginView_func.py[line:47] INFO -----------执行登录操作-----------
2020-06-03 11:12:04,743 loginView_func.py[line:32] INFO ————————————判断是否需要清除输入框内容—————————————
2020-06-03 11:12:04,815 loginView_func.py[line:38] INFO ————————————需要清除手机号输入框内容—————————————
2020-06-03 11:12:05,779 loginView_func.py[line:52] INFO ——————————输入用户名:18632843357-----------
2020-06-03 11:12:07,375 loginView_func.py[line:55] INFO ——————————输入密码:123qwe*————————————
2020-06-03 11:12:08,099 loginView_func.py[line:58] INFO -----------点击登录按钮-----------
2020-06-03 11:12:14,646 loginView_func.py[line:78] INFO ————————退出登录——————————
2020-06-03 11:12:14,647 com_func.py[line:75] INFO ——————————下滑————————
2020-06-03 11:12:16,481 loginView_func.py[line:80] INFO -------设置按钮——————————
2020-06-03 11:15:31,174 desired_caps.py[line:29] INFO 启动app
2020-06-03 11:15:46,204 test_login.py[line:19] INFO ----通过测试
2020-06-03 11:15:55,757 loginView_func.py[line:47] INFO -----------执行登录操作-----------
2020-06-03 11:15:57,521 loginView_func.py[line:32] INFO ————————————判断是否需要清除输入框内容—————————————
2020-06-03 11:15:57,587 loginView_func.py[line:38] INFO ————————————需要清除手机号输入框内容—————————————
2020-06-03 11:15:58,322 loginView_func.py[line:52] INFO ——————————输入用户名:18632843357-----------
2020-06-03 11:15:59,560 loginView_func.py[line:55] INFO ——————————输入密码:1234qwer————————————
2020-06-03 11:16:01,525 loginView_func.py[line:58] INFO -----------点击登录按钮-----------
2020-06-03 11:16:02,194 loginView_func.py[line:65] INFO ——————检测登录是否成功————————————
2020-06-03 11:16:04,228 loginView_func.py[line:69] ERROR --------登录失败————————
2020-06-03 11:16:04,228 com_func.py[line:91] INFO ——————获取 ../screenshots/登录模块 的截图————————
2020-06-03 11:16:04,959 com_func.py[line:93] INFO -------截图成功-------
2020-06-03 11:16:05,073 loginView_func.py[line:77] INFO ————————退出登录——————————
2020-06-03 11:16:05,073 com_func.py[line:75] INFO ——————————下滑————————
2020-06-03 11:16:06,050 test_login.py[line:26] INFO ----密码错误
2020-06-03 11:16:07,720 loginView_func.py[line:47] INFO -----------执行登录操作-----------
2020-06-03 11:16:11,940 loginView_func.py[line:77] INFO ————————退出登录——————————
2020-06-03 11:16:11,942 com_func.py[line:75] INFO ——————————下滑————————
2020-06-03 11:16:13,862 loginView_func.py[line:79] INFO -------设置按钮——————————
2020-06-03 11:16:16,620 com_func.py[line:75] INFO ——————————下滑————————
2020-06-03 11:16:18,757 com_func.py[line:75] INFO ——————————下滑————————
2020-06-03 11:16:42,497 desired_caps.py[line:29] INFO 启动app
2020-06-03 11:16:57,536 test_login.py[line:19] INFO ----通过测试
2020-06-03 11:17:06,304 loginView_func.py[line:47] INFO -----------执行登录操作-----------
2020-06-03 11:17:08,802 loginView_func.py[line:32] INFO ————————————判断是否需要清除输入框内容—————————————
2020-06-03 11:17:08,857 loginView_func.py[line:38] INFO ————————————需要清除手机号输入框内容—————————————
2020-06-03 11:17:08,971 loginView_func.py[line:52] INFO ——————————输入用户名:18632843357-----------
2020-06-03 11:17:10,212 loginView_func.py[line:55] INFO ——————————输入密码:1234qwer————————————
2020-06-03 11:17:12,713 loginView_func.py[line:58] INFO -----------点击登录按钮-----------
2020-06-03 11:17:14,127 loginView_func.py[line:66] INFO ——————检测登录是否成功————————————
2020-06-03 11:17:18,936 loginView_func.py[line:75] INFO ————————登录成功——————————
2020-06-03 11:17:18,938 loginView_func.py[line:79] INFO ————————退出登录——————————
2020-06-03 11:17:18,938 com_func.py[line:75] INFO ——————————下滑————————
2020-06-03 11:17:20,850 loginView_func.py[line:81] INFO -------设置按钮——————————
2020-06-03 11:17:22,921 test_login.py[line:26] INFO ----密码错误
2020-06-03 11:17:23,051 loginView_func.py[line:79] INFO ————————退出登录——————————
2020-06-03 11:17:23,052 com_func.py[line:75] INFO ——————————下滑————————
2020-06-03 11:17:29,708 desired_caps.py[line:29] INFO 启动app
2020-06-03 11:17:43,301 test_login.py[line:19] INFO ----通过测试
2020-06-03 11:17:51,305 loginView_func.py[line:79] INFO ————————退出登录——————————
2020-06-03 11:17:51,316 com_func.py[line:75] INFO ——————————下滑————————
2020-06-03 11:17:53,142 loginView_func.py[line:81] INFO -------设置按钮——————————
2020-06-03 11:18:05,933 desired_caps.py[line:29] INFO 启动app
2020-06-03 11:18:20,821 test_login.py[line:19] INFO ----通过测试
2020-06-03 11:18:29,596 loginView_func.py[line:47] INFO -----------执行登录操作-----------
2020-06-03 11:18:31,986 loginView_func.py[line:32] INFO ————————————判断是否需要清除输入框内容—————————————
2020-06-03 11:18:32,038 loginView_func.py[line:38] INFO ————————————需要清除手机号输入框内容—————————————
2020-06-03 11:18:32,158 loginView_func.py[line:52] INFO ——————————输入用户名:18632843357-----------
2020-06-03 11:18:33,167 loginView_func.py[line:55] INFO ——————————输入密码:1234qwer————————————
2020-06-03 11:18:34,916 loginView_func.py[line:58] INFO -----------点击登录按钮-----------
2020-06-03 11:18:36,123 loginView_func.py[line:66] INFO ——————检测登录是否成功————————————
2020-06-03 11:18:42,330 loginView_func.py[line:75] INFO ————————登录成功——————————
2020-06-03 11:18:42,332 loginView_func.py[line:79] INFO ————————退出登录——————————
2020-06-03 11:18:42,332 com_func.py[line:75] INFO ——————————下滑————————
2020-06-03 11:18:44,298 loginView_func.py[line:81] INFO -------设置按钮——————————
2020-06-03 11:18:48,286 com_func.py[line:75] INFO ——————————下滑————————
2020-06-03 11:18:50,472 com_func.py[line:75] INFO ——————————下滑————————
2020-06-03 11:18:54,069 test_login.py[line:26] INFO ----密码错误
2020-06-03 11:18:56,207 loginView_func.py[line:47] INFO -----------执行登录操作-----------
2020-06-03 11:18:57,449 loginView_func.py[line:32] INFO ————————————判断是否需要清除输入框内容—————————————
2020-06-03 11:18:57,525 loginView_func.py[line:38] INFO ————————————需要清除手机号输入框内容—————————————
2020-06-03 11:18:58,246 loginView_func.py[line:52] INFO ——————————输入用户名:18632843357-----------
2020-06-03 11:18:59,514 loginView_func.py[line:55] INFO ——————————输入密码:123qwe*————————————
2020-06-03 11:19:00,586 loginView_func.py[line:58] INFO -----------点击登录按钮-----------
2020-06-03 11:19:01,301 loginView_func.py[line:66] INFO ——————检测登录是否成功————————————
2020-06-03 11:19:07,648 loginView_func.py[line:79] INFO ————————退出登录——————————
2020-06-03 11:19:07,648 com_func.py[line:75] INFO ——————————下滑————————
2020-06-03 11:19:09,644 loginView_func.py[line:81] INFO -------设置按钮——————————
2020-06-03 11:22:01,439 desired_caps.py[line:29] INFO 启动app
2020-06-03 11:22:15,532 loginView_func.py[line:66] INFO ——————检测登录是否成功————————————
2020-06-03 11:22:59,472 desired_caps.py[line:29] INFO 启动app
2020-06-03 11:23:14,375 loginView_func.py[line:66] INFO ——————检测登录是否成功————————————
2020-06-03 11:23:20,045 loginView_func.py[line:71] ERROR --------登录失败————————
2020-06-03 11:23:20,045 com_func.py[line:91] INFO ——————获取 ../screenshots/登录模块 的截图————————
2020-06-03 11:23:21,465 com_func.py[line:93] INFO -------截图成功-------
